2020-7-10 15:21:42 [main] INFO [BlockPcAPIApplication]:55 Starting BlockPcAPIApplication on LAPTOP-R7JJE2SO with PID 11816 (D:\javaPro\workspaceforidea\block\block-pc-api\target\classes started by 86135 in D:\javaPro\workspaceforidea\block)
2020-7-10 15:21:42 [main] INFO [BlockPcAPIApplication]:651 No active profile set, falling back to default profiles: default
2020-7-10 15:21:42 [main] INFO [RepositoryConfigurationDelegate]:127 Bootstrapping Spring Data JPA repositories in DEFERRED mode.
2020-7-10 15:21:42 [main] INFO [RepositoryConfigurationDelegate]:187 Finished Spring Data repository scanning in 10ms. Found 0 JPA repository interfaces.
2020-7-10 15:21:43 [main] INFO [TomcatWebServer]:108 Tomcat initialized with port(s): 8764 (http)
2020-7-10 15:21:43 [main] INFO [Http11NioProtocol]:173 Initializing ProtocolHandler ["http-nio-8764"]
2020-7-10 15:21:43 [main] INFO [StandardService]:173 Starting service [Tomcat]
2020-7-10 15:21:43 [main] INFO [StandardEngine]:173 Starting Servlet engine: [Apache Tomcat/9.0.36]
2020-7-10 15:21:43 [main] INFO [[/]]:173 Initializing Spring embedded WebApplicationContext
2020-7-10 15:21:43 [main] INFO [ServletWebServerApplicationContext]:285 Root WebApplicationContext: initialization completed in 1056 ms
2020-7-10 15:21:43 [main] INFO [ThreadPoolTaskExecutor]:181 Initializing ExecutorService 'applicationTaskExecutor'
2020-7-10 15:21:43 [main] INFO [HikariDataSource]:110 HikariPool-1 - Starting...
2020-7-10 15:21:43 [main] INFO [HikariDataSource]:123 HikariPool-1 - Start completed.
2020-7-10 15:21:43 [task-1] INFO [LogHelper]:31 HHH000204: Processing PersistenceUnitInfo [name: default]
2020-7-10 15:21:44 [task-1] INFO [Version]:44 HHH000412: Hibernate ORM core version 5.4.17.Final
2020-7-10 15:21:44 [task-1] INFO [Version]:49 HCANN000001: Hibernate Commons Annotations {5.1.0.Final}
2020-7-10 15:21:44 [task-1] INFO [Dialect]:172 HHH000400: Using dialect: org.hibernate.dialect.MySQL57Dialect
2020-7-10 15:21:44 [main] INFO [UserDetailsServiceAutoConfiguration]:86 

Using generated security password: 03a353bb-c762-4496-bb6c-f1a62daba590

2020-7-10 15:21:44 [main] INFO [DefaultSecurityFilterChain]:43 Creating filter chain: any request, [org.springframework.security.web.context.request.async.WebAsyncManagerIntegrationFilter@2c7106d9, org.springframework.security.web.context.SecurityContextPersistenceFilter@6ae62c7e, org.springframework.security.web.header.HeaderWriterFilter@1f53481b, org.springframework.security.web.csrf.CsrfFilter@30ca0779, org.springframework.security.web.authentication.logout.LogoutFilter@3722c145, org.springframework.security.web.authentication.UsernamePasswordAuthenticationFilter@60b34931, org.springframework.security.web.authentication.ui.DefaultLoginPageGeneratingFilter@352ed70d, org.springframework.security.web.authentication.ui.DefaultLogoutPageGeneratingFilter@329bad59, org.springframework.security.web.authentication.www.BasicAuthenticationFilter@707b1a44, org.springframework.security.web.savedrequest.RequestCacheAwareFilter@37c36608, org.springframework.security.web.servletapi.SecurityContextHolderAwareRequestFilter@33063f5b, org.springframework.security.web.authentication.AnonymousAuthenticationFilter@862f408, org.springframework.security.web.session.SessionManagementFilter@27e7c77f, org.springframework.security.web.access.ExceptionTranslationFilter@714f3da4, org.springframework.security.web.access.intercept.FilterSecurityInterceptor@53abfc07]
2020-7-10 15:21:44 [main] INFO [Http11NioProtocol]:173 Starting ProtocolHandler ["http-nio-8764"]
2020-7-10 15:21:44 [task-1] INFO [JtaPlatformInitiator]:52 HHH000490: Using JtaPlatform implementation: [org.hibernate.engine.transaction.jta.platform.internal.NoJtaPlatform]
2020-7-10 15:21:44 [task-1] INFO [LocalContainerEntityManagerFactoryBean]:416 Initialized JPA EntityManagerFactory for persistence unit 'default'
2020-7-10 15:21:44 [main] INFO [TomcatWebServer]:220 Tomcat started on port(s): 8764 (http) with context path ''
2020-7-10 15:21:44 [main] INFO [DeferredRepositoryInitializationListener]:49 Triggering deferred initialization of Spring Data repositories…
2020-7-10 15:21:44 [main] INFO [DeferredRepositoryInitializationListener]:53 Spring Data repositories initialized!
2020-7-10 15:21:44 [main] INFO [BlockPcAPIApplication]:61 Started BlockPcAPIApplication in 2.631 seconds (JVM running for 3.79)
2020-7-10 15:32:40 [main] INFO [BlockPcAPIApplication]:55 Starting BlockPcAPIApplication on LAPTOP-R7JJE2SO with PID 10720 (D:\javaPro\workspaceforidea\block\block-pc-api\target\classes started by 86135 in D:\javaPro\workspaceforidea\block)
2020-7-10 15:32:40 [main] INFO [BlockPcAPIApplication]:651 No active profile set, falling back to default profiles: default
2020-7-10 15:32:40 [main] INFO [RepositoryConfigurationDelegate]:127 Bootstrapping Spring Data JPA repositories in DEFERRED mode.
2020-7-10 15:32:40 [main] INFO [RepositoryConfigurationDelegate]:187 Finished Spring Data repository scanning in 10ms. Found 0 JPA repository interfaces.
2020-7-10 15:32:41 [main] INFO [TomcatWebServer]:108 Tomcat initialized with port(s): 9001 (http)
2020-7-10 15:32:41 [main] INFO [Http11NioProtocol]:173 Initializing ProtocolHandler ["http-nio-9001"]
2020-7-10 15:32:41 [main] INFO [StandardService]:173 Starting service [Tomcat]
2020-7-10 15:32:41 [main] INFO [StandardEngine]:173 Starting Servlet engine: [Apache Tomcat/9.0.36]
2020-7-10 15:32:41 [main] INFO [[/]]:173 Initializing Spring embedded WebApplicationContext
2020-7-10 15:32:41 [main] INFO [ServletWebServerApplicationContext]:285 Root WebApplicationContext: initialization completed in 1107 ms
2020-7-10 15:32:41 [main] INFO [ThreadPoolTaskExecutor]:181 Initializing ExecutorService 'applicationTaskExecutor'
2020-7-10 15:32:41 [main] INFO [HikariDataSource]:110 HikariPool-1 - Starting...
2020-7-10 15:32:41 [main] INFO [HikariDataSource]:123 HikariPool-1 - Start completed.
2020-7-10 15:32:41 [task-1] INFO [LogHelper]:31 HHH000204: Processing PersistenceUnitInfo [name: default]
2020-7-10 15:32:41 [task-1] INFO [Version]:44 HHH000412: Hibernate ORM core version 5.4.17.Final
2020-7-10 15:32:41 [task-1] INFO [Version]:49 HCANN000001: Hibernate Commons Annotations {5.1.0.Final}
2020-7-10 15:32:41 [task-1] INFO [Dialect]:172 HHH000400: Using dialect: org.hibernate.dialect.MySQL57Dialect
2020-7-10 15:32:42 [main] INFO [UserDetailsServiceAutoConfiguration]:86 

Using generated security password: c802022b-4bb6-4fe7-923f-ddb2755dc5ad

2020-7-10 15:32:42 [main] INFO [DefaultSecurityFilterChain]:43 Creating filter chain: any request, [org.springframework.security.web.context.request.async.WebAsyncManagerIntegrationFilter@57cb70be, org.springframework.security.web.context.SecurityContextPersistenceFilter@3ad85136, org.springframework.security.web.header.HeaderWriterFilter@4364712f, org.springframework.security.web.csrf.CsrfFilter@18578491, org.springframework.security.web.authentication.logout.LogoutFilter@3c98781a, org.springframework.security.web.authentication.UsernamePasswordAuthenticationFilter@75a0c890, org.springframework.security.web.authentication.ui.DefaultLoginPageGeneratingFilter@429f7919, org.springframework.security.web.authentication.ui.DefaultLogoutPageGeneratingFilter@2d4608a6, org.springframework.security.web.authentication.www.BasicAuthenticationFilter@6ab4a5b, org.springframework.security.web.savedrequest.RequestCacheAwareFilter@12e5da86, org.springframework.security.web.servletapi.SecurityContextHolderAwareRequestFilter@ed91d8d, org.springframework.security.web.authentication.AnonymousAuthenticationFilter@20d87335, org.springframework.security.web.session.SessionManagementFilter@7f93dd4e, org.springframework.security.web.access.ExceptionTranslationFilter@53c6f96d, org.springframework.security.web.access.intercept.FilterSecurityInterceptor@7f1ef916]
2020-7-10 15:32:42 [task-1] INFO [JtaPlatformInitiator]:52 HHH000490: Using JtaPlatform implementation: [org.hibernate.engine.transaction.jta.platform.internal.NoJtaPlatform]
2020-7-10 15:32:42 [main] INFO [Http11NioProtocol]:173 Starting ProtocolHandler ["http-nio-9001"]
2020-7-10 15:32:42 [task-1] INFO [LocalContainerEntityManagerFactoryBean]:416 Initialized JPA EntityManagerFactory for persistence unit 'default'
2020-7-10 15:32:42 [main] INFO [TomcatWebServer]:220 Tomcat started on port(s): 9001 (http) with context path ''
2020-7-10 15:32:42 [main] INFO [DeferredRepositoryInitializationListener]:49 Triggering deferred initialization of Spring Data repositories…
2020-7-10 15:32:42 [main] INFO [DeferredRepositoryInitializationListener]:53 Spring Data repositories initialized!
2020-7-10 15:32:42 [main] INFO [BlockPcAPIApplication]:61 Started BlockPcAPIApplication in 2.314 seconds (JVM running for 3.41)
